Arguments: 
  C:\Program Files\nodejs\node.exe C:\Users\User\AppData\Roaming\npm\node_modules\yarn\bin\yarn.js add react-loading-skeleton/dist/skeleton.css

PATH: 
  C:\Windows\system32;C:\Windows;C:\Windows\System32\Wbem;C:\Windows\System32\WindowsPowerShell\v1.0\;C:\Windows\System32\OpenSSH\;C:\Program Files\Git\cmd;C:\Users\User\AppData\Roaming\nvm;C:\Program Files\nodejs;C:\Program Files\Docker\Docker\resources\bin;C:\Users\User\AppData\Local\Microsoft\WindowsApps;C:\Users\User\AppData\Local\Programs\Microsoft VS Code\bin;C:\Users\User\AppData\Roaming\npm;C:\Users\User\AppData\Local\GitHubDesktop\bin;C:\Users\User\AppData\Roaming\nvm;C:\Program Files\nodejs

Yarn version: 
  1.22.19

Node version: 
  20.9.0

Platform: 
  win32 x64

Trace: 
  Error: https://registry.yarnpkg.com/react-loading-skeleton%2fdist/skeleton.css: Request "https://registry.yarnpkg.com/react-loading-skeleton%2fdist/skeleton.css" returned a 405
      at params.callback [as _callback] (C:\Users\User\AppData\Roaming\npm\node_modules\yarn\lib\cli.js:66154:18)
      at self.callback (C:\Users\User\AppData\Roaming\npm\node_modules\yarn\lib\cli.js:140890:22)
      at Request.emit (node:events:514:28)
      at Request.<anonymous> (C:\Users\User\AppData\Roaming\npm\node_modules\yarn\lib\cli.js:141862:10)
      at Request.emit (node:events:514:28)
      at IncomingMessage.<anonymous> (C:\Users\User\AppData\Roaming\npm\node_modules\yarn\lib\cli.js:141784:12)
      at Object.onceWrapper (node:events:628:28)
      at IncomingMessage.emit (node:events:526:35)
      at endReadableNT (node:internal/streams/readable:1408:12)
      at process.processTicksAndRejections (node:internal/process/task_queues:82:21)

npm manifest: 
  {
    "dependencies": {
      "@reduxjs/toolkit": "^2.0.1",
      "next-redux-wrapper": "^8.1.0",
      "react-fast-marquee": "^1.6.2",
      "react-loading-skeleton": "^3.3.1",
      "react-redux": "^9.0.4",
      "react-router-dom": "^6.21.1",
      "redux": "^5.0.1"
    }
  }

yarn manifest: 
  No manifest

Lockfile: 
  # THIS IS AN AUTOGENERATED FILE. DO NOT EDIT THIS FILE DIRECTLY.
  # yarn lockfile v1
  
  
  "@reduxjs/toolkit@^2.0.1":
    version "2.0.1"
    resolved "https://registry.yarnpkg.com/@reduxjs/toolkit/-/toolkit-2.0.1.tgz#0a5233c1e35c1941b03aece39cceade3467a1062"
    integrity sha512-fxIjrR9934cmS8YXIGd9e7s1XRsEU++aFc9DVNMFMRTM5Vtsg2DCRMj21eslGtDt43IUf9bJL3h5bwUlZleibA==
    dependencies:
      immer "^10.0.3"
      redux "^5.0.0"
      redux-thunk "^3.1.0"
      reselect "^5.0.1"
  
  "@remix-run/router@1.14.1":
    version "1.14.1"
    resolved "https://registry.yarnpkg.com/@remix-run/router/-/router-1.14.1.tgz#6d2dd03d52e604279c38911afc1079d58c50a755"
    integrity sha512-Qg4DMQsfPNAs88rb2xkdk03N3bjK4jgX5fR24eHCTR9q6PrhZQZ4UJBPzCHJkIpTRN1UKxx2DzjZmnC+7Lj0Ow==
  
  "@types/use-sync-external-store@^0.0.3":
    version "0.0.3"
    resolved "https://registry.yarnpkg.com/@types/use-sync-external-store/-/use-sync-external-store-0.0.3.tgz#b6725d5f4af24ace33b36fafd295136e75509f43"
    integrity sha512-EwmlvuaxPNej9+T4v5AuBPJa2x2UOJVdjCtDHgcDqitUeOtjnJKJ+apYjVcAoBEMjKW1VVFGZLUb5+qqa09XFA==
  
  immer@^10.0.3:
    version "10.0.3"
    resolved "https://registry.yarnpkg.com/immer/-/immer-10.0.3.tgz#a8de42065e964aa3edf6afc282dfc7f7f34ae3c9"
    integrity sha512-pwupu3eWfouuaowscykeckFmVTpqbzW+rXFCX8rQLkZzM9ftBmU/++Ra+o+L27mz03zJTlyV4UUr+fdKNffo4A==
  
  next-redux-wrapper@^8.1.0:
    version "8.1.0"
    resolved "https://registry.yarnpkg.com/next-redux-wrapper/-/next-redux-wrapper-8.1.0.tgz#d9c135f1ceeb2478375bdacd356eb9db273d3a07"
    integrity sha512-2hIau0hcI6uQszOtrvAFqgc0NkZegKYhBB7ZAKiG3jk7zfuQb4E7OV9jfxViqqojh3SEHdnFfPkN9KErttUKuw==
  
  react-fast-marquee@^1.6.2:
    version "1.6.2"
    resolved "https://registry.yarnpkg.com/react-fast-marquee/-/react-fast-marquee-1.6.2.tgz#86d4d86af4e9624129d852921dde1dce1a4f1604"
    integrity sha512-bXUuW1r+Yzd8ZjsPmMDy8WJMubHAZd/7n0W/IzUQHtd0iBfxWohP6hzCFnEHWMCOtC9wxSAq/BiEnig4kdI2Vw==
  
  react-loading-skeleton@^3.3.1:
    version "3.3.1"
    resolved "https://registry.yarnpkg.com/react-loading-skeleton/-/react-loading-skeleton-3.3.1.tgz#cd6e3a626ee86c76a46c14e2379243f2f8834e1b"
    integrity sha512-NilqqwMh2v9omN7LteiDloEVpFyMIa0VGqF+ukqp0ncVlYu1sKYbYGX9JEl+GtOT9TKsh04zCHAbavnQ2USldA==
  
  react-redux@^9.0.4:
    version "9.0.4"
    resolved "https://registry.yarnpkg.com/react-redux/-/react-redux-9.0.4.tgz#6892d465f086507a517d4b53eb589876e6bc8344"
    integrity sha512-9J1xh8sWO0vYq2sCxK2My/QO7MzUMRi3rpiILP/+tDr8krBHixC6JMM17fMK88+Oh3e4Ae6/sHIhNBgkUivwFA==
    dependencies:
      "@types/use-sync-external-store" "^0.0.3"
      use-sync-external-store "^1.0.0"
  
  react-router-dom@^6.21.1:
    version "6.21.1"
    resolved "https://registry.yarnpkg.com/react-router-dom/-/react-router-dom-6.21.1.tgz#58b459d2fe1841388c95bb068f85128c45e27349"
    integrity sha512-QCNrtjtDPwHDO+AO21MJd7yIcr41UetYt5jzaB9Y1UYaPTCnVuJq6S748g1dE11OQlCFIQg+RtAA1SEZIyiBeA==
    dependencies:
      "@remix-run/router" "1.14.1"
      react-router "6.21.1"
  
  react-router@6.21.1:
    version "6.21.1"
    resolved "https://registry.yarnpkg.com/react-router/-/react-router-6.21.1.tgz#8db7ee8d7cfc36513c9a66b44e0897208c33be34"
    integrity sha512-W0l13YlMTm1YrpVIOpjCADJqEUpz1vm+CMo47RuFX4Ftegwm6KOYsL5G3eiE52jnJpKvzm6uB/vTKTPKM8dmkA==
    dependencies:
      "@remix-run/router" "1.14.1"
  
  redux-thunk@^3.1.0:
    version "3.1.0"
    resolved "https://registry.yarnpkg.com/redux-thunk/-/redux-thunk-3.1.0.tgz#94aa6e04977c30e14e892eae84978c1af6058ff3"
    integrity sha512-NW2r5T6ksUKXCabzhL9z+h206HQw/NJkcLm1GPImRQ8IzfXwRGqjVhKJGauHirT0DAuyy6hjdnMZaRoAcy0Klw==
  
  redux@^5.0.0, redux@^5.0.1:
    version "5.0.1"
    resolved "https://registry.yarnpkg.com/redux/-/redux-5.0.1.tgz#97fa26881ce5746500125585d5642c77b6e9447b"
    integrity sha512-M9/ELqF6fy8FwmkpnF0S3YKOqMyoWJ4+CS5Efg2ct3oY9daQvd/Pc71FpGZsVsbl3Cpb+IIcjBDUnnyBdQbq4w==
  
  reselect@^5.0.1:
    version "5.0.1"
    resolved "https://registry.yarnpkg.com/reselect/-/reselect-5.0.1.tgz#587cdaaeb4e0e8927cff80ebe2bbef05f74b1648"
    integrity sha512-D72j2ubjgHpvuCiORWkOUxndHJrxDaSolheiz5CO+roz8ka97/4msh2E8F5qay4GawR5vzBt5MkbDHT+Rdy/Wg==
  
  use-sync-external-store@^1.0.0:
    version "1.2.0"
    resolved "https://registry.yarnpkg.com/use-sync-external-store/-/use-sync-external-store-1.2.0.tgz#7dbefd6ef3fe4e767a0cf5d7287aacfb5846928a"
    integrity sha512-eEgnFxGQ1Ife9bzYs6VLi8/4X6CObHMw9Qr9tPY43iKwsPw8xE8+EFsf/2cFZ5S3esXgpWgtSCtLNS41F+sKPA==
